2025-07-05T06:13:51.690344+00:00 WARNING 'ansible_navigator.image_manager.puller._log_message' Image inspection failed, image assumed to be corrupted or missing
2025-07-05T06:13:51.690902+00:00 WARNING 'ansible_navigator.image_manager.puller._log_message' stdout: []

2025-07-05T06:13:51.691034+00:00 WARNING 'ansible_navigator.image_manager.puller._log_message' stderr: time="2025-07-05T11:43:50+05:30" level=warning msg="Failed to decode the keys [\"configmaps\"] from \"/home/arun/.config/containers/containers.conf\"."
time="2025-07-05T11:43:50+05:30" level=warning msg="Failed to decode the keys [\"configmaps\"] from \"/home/arun/.config/containers/containers.conf\"."
time="2025-07-05T11:43:50+05:30" level=warning msg="Failed to decode the keys [\"configmaps\"] from \"/home/arun/.config/containers/containers.conf\"."
time="2025-07-05T11:43:50+05:30" level=warning msg="Failed to decode the keys [\"configmaps\"] from \"/home/arun/.config/containers/containers.conf\"."
Error: error inspecting object: postgresql_ee:latest: image not known

2025-07-05T06:13:51.778250+00:00 ERROR 'ansible_navigator.image_manager.puller._log_message' Execution environment pull failed
2025-07-05T06:17:17.175064+00:00 WARNING 'ansible_navigator.image_manager.puller._log_message' Image inspection failed, image assumed to be corrupted or missing
2025-07-05T06:17:17.175541+00:00 WARNING 'ansible_navigator.image_manager.puller._log_message' stdout: []

2025-07-05T06:17:17.175669+00:00 WARNING 'ansible_navigator.image_manager.puller._log_message' stderr: time="2025-07-05T11:47:17+05:30" level=warning msg="Failed to decode the keys [\"configmaps\"] from \"/home/arun/.config/containers/containers.conf\"."
time="2025-07-05T11:47:17+05:30" level=warning msg="Failed to decode the keys [\"configmaps\"] from \"/home/arun/.config/containers/containers.conf\"."
time="2025-07-05T11:47:17+05:30" level=warning msg="Failed to decode the keys [\"configmaps\"] from \"/home/arun/.config/containers/containers.conf\"."
time="2025-07-05T11:47:17+05:30" level=warning msg="Failed to decode the keys [\"configmaps\"] from \"/home/arun/.config/containers/containers.conf\"."
Error: error inspecting object: postgresql_ee:latest: image not known

2025-07-05T06:17:17.271022+00:00 ERROR 'ansible_navigator.image_manager.puller._log_message' Execution environment pull failed
2025-07-05T06:17:38.653783+00:00 WARNING 'ansible_navigator.image_manager.puller._log_message' Image inspection failed, image assumed to be corrupted or missing
2025-07-05T06:17:38.654287+00:00 WARNING 'ansible_navigator.image_manager.puller._log_message' stdout: []

2025-07-05T06:17:38.654382+00:00 WARNING 'ansible_navigator.image_manager.puller._log_message' stderr: time="2025-07-05T11:47:38+05:30" level=warning msg="Failed to decode the keys [\"configmaps\"] from \"/home/arun/.config/containers/containers.conf\"."
time="2025-07-05T11:47:38+05:30" level=warning msg="Failed to decode the keys [\"configmaps\"] from \"/home/arun/.config/containers/containers.conf\"."
time="2025-07-05T11:47:38+05:30" level=warning msg="Failed to decode the keys [\"configmaps\"] from \"/home/arun/.config/containers/containers.conf\"."
time="2025-07-05T11:47:38+05:30" level=warning msg="Failed to decode the keys [\"configmaps\"] from \"/home/arun/.config/containers/containers.conf\"."
Error: error inspecting object: postgresql_ee:latest: image not known

2025-07-05T06:17:38.744461+00:00 ERROR 'ansible_navigator.image_manager.puller._log_message' Execution environment pull failed
2025-07-05T07:11:59.317382+00:00 WARNING 'ansible_navigator.image_manager.puller._log_message' Image inspection failed, image assumed to be corrupted or missing
2025-07-05T07:11:59.317899+00:00 WARNING 'ansible_navigator.image_manager.puller._log_message' stdout: []

2025-07-05T07:11:59.318033+00:00 WARNING 'ansible_navigator.image_manager.puller._log_message' stderr: time="2025-07-05T12:41:59+05:30" level=warning msg="Failed to decode the keys [\"configmaps\"] from \"/home/arun/.config/containers/containers.conf\"."
time="2025-07-05T12:41:59+05:30" level=warning msg="Failed to decode the keys [\"configmaps\"] from \"/home/arun/.config/containers/containers.conf\"."
time="2025-07-05T12:41:59+05:30" level=warning msg="Failed to decode the keys [\"configmaps\"] from \"/home/arun/.config/containers/containers.conf\"."
time="2025-07-05T12:41:59+05:30" level=warning msg="Failed to decode the keys [\"configmaps\"] from \"/home/arun/.config/containers/containers.conf\"."
Error: error inspecting object: postgresql_ee:latest: image not known

2025-07-05T07:11:59.412713+00:00 ERROR 'ansible_navigator.image_manager.puller._log_message' Execution environment pull failed
